20:30:28 INFO  [Main] [Geode]: Running Geode v4.9.0 in Geometry Dash v1.920 on Windows
20:30:28 INFO  [Main] [Geode]: Setting up internal mod
20:30:28 INFO  [Main] [Geode]: Setting up loader
20:30:28 INFO  [Main] [Geode]:   Loading launch arguments
20:30:28 INFO  [Main] [Geode]:   Setting up crash handler
20:30:28 INFO  [Main] [Geode]:   Loading hooks
20:30:28 INFO  [Main] [Geode]:   Setting up directories
20:30:28 INFO  [Main] [Geode]:   Refreshing mod graph
20:30:28 INFO  [Main] [Geode]:     Queueing mods
20:30:28 INFO  [Main] [Geode]:       Finding internal mods
20:30:28 INFO  [Main] [Geode]:     Populating mod list
20:30:28 INFO  [Main] [Geode]:     Building mod graph
20:30:28 INFO  [Main] [Geode]:     Ordering mod stack
20:30:28 INFO  [Main] [Geode]:     Loading early mods
20:30:28 INFO  [Main] [Geode]:       Loading mod zmx.aura v9.0.4
20:30:28 INFO  [Main] [Geode]: Entry took 0.108s
20:30:29 INFO  [Main] [Geode]: Loading non-early mods
20:30:29 INFO  [Main] [Geode]:   Finding problems
20:33:01 INFO  [Main] [Geode]: Saving mod data...
20:33:01 INFO  [Main] [Geode]:   Took 0.003s
